<?xml version="1.0" encoding="utf-8"?><testsuites name="pytest tests"><testsuite name="pytest" errors="0" failures="0" skipped="0" tests="7" time="3.991" timestamp="2026-09-11T12:01:27.029208+00:00" hostname="agent-env-fd4bd67b-c3a9-4940-8ff2-bd2e4ce35f39"><testcase classname="tests.test_inventory_tags" name="test_tags_endpoint_200_and_sorted" time="0.546" /><testcase classname="tests.test_inventory_tags" name="test_tags_endpoint_requires_auth" time="0.130" /><testcase classname="tests.test_inventory_tags" name="test_create_serial_with_freeform_tipo" time="0.315" /><testcase classname="tests.test_inventory_tags" name="test_create_serial_with_empty_tipo" time="0.287" /><testcase classname="tests.test_inventory_tags" name="test_patch_serial_tipo_updates_and_tags" time="0.717" /><testcase classname="tests.test_inventory_tags" name="test_bulk_serials_with_tipo" time="0.312" /><testcase classname="tests.test_inventory_tags" name="test_cleanup" time="1.073" /></testsuite></testsuites>