<?xml version="1.0" encoding="utf-8"?><testsuites name="pytest tests"><testsuite name="pytest" errors="0" failures="0" skipped="0" tests="9" time="9.403" timestamp="2026-09-11T08:22:59.948640+00:00" hostname="agent-env-fd4bd67b-c3a9-4940-8ff2-bd2e4ce35f39"><testcase classname="tests.test_iter9" name="test_serial_crud" time="1.427" /><testcase classname="tests.test_iter9" name="test_bulk_serials" time="0.707" /><testcase classname="tests.test_iter9" name="test_inventory_forbidden_for_tecnico" time="0.987" /><testcase classname="tests.test_iter9" name="test_inventory_allowed_for_magazzino" time="0.967" /><testcase classname="tests.test_iter9" name="test_sync_note_serials" time="2.313" /><testcase classname="tests.test_iter9" name="test_status_sospeso" time="1.729" /><testcase classname="tests.test_iter9" name="test_admin_set_role" time="0.375" /><testcase classname="tests.test_iter9" name="test_magazzino_notes_access" time="0.144" /><testcase classname="tests.test_iter9" name="test_zzz_cleanup" time="0.259" /></testsuite></testsuites>