<?xml version="1.0" encoding="utf-8"?><testsuites name="pytest tests"><testsuite name="pytest" errors="0" failures="0" skipped="0" tests="5" time="2.500" timestamp="2026-09-11T09:40:00.994407+00:00" hostname="agent-env-fd4bd67b-c3a9-4940-8ff2-bd2e4ce35f39"><testcase classname="tests.test_iter10" name="test_serial_history_events" time="0.761" /><testcase classname="tests.test_iter10" name="test_csv_export" time="0.002" /><testcase classname="tests.test_iter10" name="test_csv_export_requires_role" time="0.002" /><testcase classname="tests.test_iter10" name="test_sync_creates_notifications_and_read_flow" time="1.223" /><testcase classname="tests.test_iter10" name="test_notifications_requires_auth" time="0.004" /></testsuite></testsuites>