<?xml version="1.0" encoding="utf-8"?><testsuites name="pytest tests"><testsuite name="pytest" errors="0" failures="0" skipped="0" tests="13" time="5.818" timestamp="2026-09-10T06:52:12.085602+00:00" hostname="agent-env-fd4bd67b-c3a9-4940-8ff2-bd2e4ce35f39"><testcase classname="tests.test_owner_isolation" name="test_upload_dev_a_creates_4_notes" time="1.422" /><testcase classname="tests.test_owner_isolation" name="test_upload_dev_b_creates_4_notes" time="1.658" /><testcase classname="tests.test_owner_isolation" name="test_list_notes_isolation" time="0.237" /><testcase classname="tests.test_owner_isolation" name="test_cross_owner_patch_forbidden" time="0.123" /><testcase classname="tests.test_owner_isolation" name="test_cross_owner_delete_forbidden" time="0.122" /><testcase classname="tests.test_owner_isolation" name="test_cross_owner_get_forbidden" time="0.150" /><testcase classname="tests.test_owner_isolation" name="test_patch_technical_fields_regenerates_note_text" time="0.178" /><testcase classname="tests.test_owner_isolation" name="test_patch_pte_est_field" time="0.192" /><testcase classname="tests.test_owner_isolation" name="test_manual_note_text_override" time="0.270" /><testcase classname="tests.test_owner_isolation" name="test_regenerate_endpoint" time="0.119" /><testcase classname="tests.test_owner_isolation" name="test_bulk_delete_scoped" time="0.359" /><testcase classname="tests.test_owner_isolation" name="test_photo_upload_cross_owner_forbidden" time="0.130" /><testcase classname="tests.test_owner_isolation" name="test_photo_delete_cross_owner_forbidden" time="0.806" /></testsuite></testsuites>