<?xml version="1.0" encoding="utf-8"?><testsuites name="pytest tests"><testsuite name="pytest" errors="0" failures="0" skipped="0" tests="14" time="6.737" timestamp="2026-09-10T21:29:34.874122+00:00" hostname="agent-env-fd4bd67b-c3a9-4940-8ff2-bd2e4ce35f39"><testcase classname="tests.test_auth_iter5.TestRegister" name="test_register_creates_pending" time="2.134" /><testcase classname="tests.test_auth_iter5.TestAdminAuth" name="test_admin_login_success" time="0.474" /><testcase classname="tests.test_auth_iter5.TestAdminAuth" name="test_admin_wrong_password" time="0.463" /><testcase classname="tests.test_auth_iter5.TestAdminAuth" name="test_admin_me" time="0.006" /><testcase classname="tests.test_auth_iter5.TestAdminProtection" name="test_pending_requires_admin" time="0.944" /><testcase classname="tests.test_auth_iter5.TestAdminProtection" name="test_users_requires_admin" time="0.234" /><testcase classname="tests.test_auth_iter5.TestAdminProtection" name="test_no_token_pending" time="0.003" /><testcase classname="tests.test_auth_iter5.TestNotesAuth" name="test_notes_no_token" time="0.005" /><testcase classname="tests.test_auth_iter5.TestRegister" name="test_register_duplicate" time="0.248" /><testcase classname="tests.test_auth_iter5.TestNotesAuth" name="test_notes_bad_token" time="0.237" /><testcase classname="tests.test_auth_iter5.TestNotesAuth" name="test_pdf_parse_no_token" time="0.005" /><testcase classname="tests.test_auth_iter5.TestAdminCascade" name="test_delete_user_cascades_notes" time="3.624" /><testcase classname="tests.test_auth_iter5.TestRegister" name="test_register_short_password" time="0.253" /><testcase classname="tests.test_auth_iter5.TestNotesScoping" name="test_pdf_parse_and_isolation" time="3.440" /></testsuite></testsuites>