<?xml version="1.0" encoding="utf-8"?><testsuites name="pytest tests"><testsuite name="pytest" errors="0" failures="1" skipped="0" tests="14" time="4.486" timestamp="2026-09-11T12:11:14.468309+00:00" hostname="agent-env-fd4bd67b-c3a9-4940-8ff2-bd2e4ce35f39"><testcase classname="tests.test_iter12" name="test_boto3_importable" time="0.626" /><testcase classname="tests.test_iter12" name="test_use_r2_false_by_default" time="0.000" /><testcase classname="tests.test_iter12" name="test_inventory_stats_structure" time="0.681" /><testcase classname="tests.test_iter12" name="test_inventory_stats_requires_auth" time="0.162" /><testcase classname="tests.test_iter12" name="test_inventory_stats_matches_serial_counts" time="0.278" /><testcase classname="tests.test_iter12" name="test_serial_crud_fallback" time="0.312"><failure message="AssertionError: {&quot;detail&quot;:&quot;Seriale non trovato&quot;}&#10;assert 404 == 200&#10; +  where 404 = &lt;Response [404]&gt;.status_code">backend/tests/test_iter12.py:88: in test_serial_crud_fallback
    assert r.status_code == 200, r.text
E   AssertionError: {"detail":"Seriale non trovato"}
E   assert 404 == 200
E    +  where 404 = &lt;Response [404]&gt;.status_code</failure></testcase><testcase classname="tests.test_iter12" name="test_pdf_parse_endpoint_reachable" time="0.301" /><testcase classname="tests.test_iter12" name="test_static_files_reachable[/downloads/-ctypes0]" time="0.152" /><testcase classname="tests.test_iter12" name="test_static_files_reachable[/downloads/pwa/index.html-ctypes1]" time="0.464" /><testcase classname="tests.test_iter12" name="test_static_files_reachable[/downloads/pwa/manifest.json-ctypes2]" time="0.132" /><testcase classname="tests.test_iter12" name="test_static_files_reachable[/downloads/pwa/sw.js-ctypes3]" time="0.160" /><testcase classname="tests.test_iter12" name="test_static_files_reachable[/downloads/pwa/icon-192.png-ctypes4]" time="0.176" /><testcase classname="tests.test_iter12" name="test_static_files_reachable[/downloads/gc-impianti-pwa.zip-ctypes5]" time="0.248" /><testcase classname="tests.test_iter12" name="test_manifest_json_valid" time="0.153" /></testsuite></testsuites>