<?xml version="1.0" encoding="utf-8"?><testsuites name="pytest tests"><testsuite name="pytest" errors="0" failures="0" skipped="0" tests="3" time="4.091" timestamp="2026-09-10T06:35:37.414881+00:00" hostname="agent-env-fd4bd67b-c3a9-4940-8ff2-bd2e4ce35f39"><testcase classname="tests.test_bulk_delete" name="test_bulk_delete_empty_ids" time="0.245" /><testcase classname="tests.test_bulk_delete" name="test_bulk_delete_removes_notes" time="2.677" /><testcase classname="tests.test_bulk_delete" name="test_bulk_delete_unknown_ids" time="0.686" /></testsuite></testsuites>