<?xml version="1.0" encoding="utf-8"?><testsuites name="pytest tests"><testsuite name="pytest" errors="0" failures="0" skipped="0" tests="5" time="5.940" timestamp="2026-09-10T06:41:37.677585+00:00" hostname="agent-env-fd4bd67b-c3a9-4940-8ff2-bd2e4ce35f39"><testcase classname="tests.test_files_endpoint" name="test_files_returns_pdf_bytes" time="3.698" /><testcase classname="tests.test_bulk_delete" name="test_bulk_delete_empty_ids" time="0.154" /><testcase classname="tests.test_bulk_delete" name="test_bulk_delete_removes_notes" time="5.140" /><testcase classname="tests.test_files_endpoint" name="test_files_unknown_path_returns_404" time="1.122" /><testcase classname="tests.test_bulk_delete" name="test_bulk_delete_unknown_ids" time="0.141" /></testsuite></testsuites>